{"/Users/sarathk/TvMovies/src/api.js": {"path":"/Users/sarathk/TvMovies/src/api.js","statementMap":{"0":{"start":{"line":2,"column":2},"end":{"line":26,"column":3}},"1":{"start":{"line":3,"column":4},"end":{"line":25,"column":7}},"2":{"start":{"line":4,"column":18},"end":{"line":4,"column":48}},"3":{"start":{"line":5,"column":19},"end":{"line":5,"column":48}},"4":{"start":{"line":6,"column":6},"end":{"line":23,"column":14}},"5":{"start":{"line":24,"column":6},"end":{"line":24,"column":28}},"6":{"start":{"line":30,"column":2},"end":{"line":32,"column":5}},"7":{"start":{"line":31,"column":4},"end":{"line":31,"column":80}},"8":{"start":{"line":36,"column":2},"end":{"line":40,"column":7}},"9":{"start":{"line":37,"column":24},"end":{"line":37,"column":39}},"10":{"start":{"line":39,"column":6},"end":{"line":39,"column":23}},"11":{"start":{"line":44,"column":2},"end":{"line":50,"column":7}},"12":{"start":{"line":47,"column":24},"end":{"line":47,"column":39}},"13":{"start":{"line":49,"column":6},"end":{"line":49,"column":23}},"14":{"start":{"line":54,"column":2},"end":{"line":54,"column":24}},"15":{"start":{"line":58,"column":2},"end":{"line":62,"column":36}},"16":{"start":{"line":61,"column":24},"end":{"line":61,"column":39}},"17":{"start":{"line":62,"column":20},"end":{"line":62,"column":34}},"18":{"start":{"line":66,"column":15},"end":{"line":66,"column":34}},"19":{"start":{"line":67,"column":2},"end":{"line":73,"column":34}},"20":{"start":{"line":73,"column":24},"end":{"line":73,"column":32}}},"fnMap":{"0":{"name":"createShow","decl":{"start":{"line":1,"column":9},"end":{"line":1,"column":19}},"loc":{"start":{"line":1,"column":26},"end":{"line":27,"column":1}},"line":1},"1":{"name":"(anonymous_1)","decl":{"start":{"line":3,"column":17},"end":{"line":3,"column":18}},"loc":{"start":{"line":3,"column":30},"end":{"line":25,"column":5}},"line":3},"2":{"name":"createLike","decl":{"start":{"line":29,"column":9},"end":{"line":29,"column":19}},"loc":{"start":{"line":29,"column":26},"end":{"line":33,"column":1}},"line":29},"3":{"name":"(anonymous_3)","decl":{"start":{"line":30,"column":15},"end":{"line":30,"column":16}},"loc":{"start":{"line":30,"column":28},"end":{"line":32,"column":3}},"line":30},"4":{"name":"getData","decl":{"start":{"line":35,"column":15},"end":{"line":35,"column":22}},"loc":{"start":{"line":35,"column":25},"end":{"line":41,"column":1}},"line":35},"5":{"name":"(anonymous_5)","decl":{"start":{"line":37,"column":10},"end":{"line":37,"column":11}},"loc":{"start":{"line":37,"column":24},"end":{"line":37,"column":39}},"line":37},"6":{"name":"(anonymous_6)","decl":{"start":{"line":38,"column":10},"end":{"line":38,"column":11}},"loc":{"start":{"line":38,"column":20},"end":{"line":40,"column":5}},"line":38},"7":{"name":"getLike","decl":{"start":{"line":43,"column":15},"end":{"line":43,"column":22}},"loc":{"start":{"line":43,"column":25},"end":{"line":51,"column":1}},"line":43},"8":{"name":"(anonymous_8)","decl":{"start":{"line":47,"column":10},"end":{"line":47,"column":11}},"loc":{"start":{"line":47,"column":24},"end":{"line":47,"column":39}},"line":47},"9":{"name":"(anonymous_9)","decl":{"start":{"line":48,"column":10},"end":{"line":48,"column":11}},"loc":{"start":{"line":48,"column":20},"end":{"line":50,"column":5}},"line":48},"10":{"name":"getCount","decl":{"start":{"line":53,"column":9},"end":{"line":53,"column":17}},"loc":{"start":{"line":53,"column":27},"end":{"line":55,"column":1}},"line":53},"11":{"name":"fetchCount","decl":{"start":{"line":57,"column":15},"end":{"line":57,"column":25}},"loc":{"start":{"line":57,"column":28},"end":{"line":63,"column":1}},"line":57},"12":{"name":"(anonymous_12)","decl":{"start":{"line":61,"column":10},"end":{"line":61,"column":11}},"loc":{"start":{"line":61,"column":24},"end":{"line":61,"column":39}},"line":61},"13":{"name":"(anonymous_13)","decl":{"start":{"line":62,"column":10},"end":{"line":62,"column":11}},"loc":{"start":{"line":62,"column":20},"end":{"line":62,"column":34}},"line":62},"14":{"name":"AddLike","decl":{"start":{"line":65,"column":15},"end":{"line":65,"column":22}},"loc":{"start":{"line":65,"column":31},"end":{"line":74,"column":1}},"line":65},"15":{"name":"(anonymous_15)","decl":{"start":{"line":73,"column":10},"end":{"line":73,"column":11}},"loc":{"start":{"line":73,"column":24},"end":{"line":73,"column":32}},"line":73}},"branchMap":{"0":{"loc":{"start":{"line":2,"column":2},"end":{"line":26,"column":3}},"type":"if","locations":[{"start":{"line":2,"column":2},"end":{"line":26,"column":3}},{"start":{"line":2,"column":2},"end":{"line":26,"column":3}}],"line":2}},"s":{"0":0,"1":0,"2":0,"3":0,"4":0,"5":0,"6":0,"7":0,"8":0,"9":0,"10":0,"11":0,"12":0,"13":0,"14":1,"15":0,"16":0,"17":0,"18":0,"19":0,"20":0},"f":{"0":0,"1":0,"2":0,"3":0,"4":0,"5":0,"6":0,"7":0,"8":0,"9":0,"10":1,"11":0,"12":0,"13":0,"14":0,"15":0},"b":{"0":[0,0]},"_coverageSchema":"1a1c01bbd47fc00a2c39e90264f33305004495a9","hash":"f6fe4d74f2da4ee5020c9d0b38471302773ef230"}
}
