TN:
SF:src/api.js
FN:1,createShow
FN:3,(anonymous_1)
FN:29,createLike
FN:30,(anonymous_3)
FN:35,getData
FN:37,(anonymous_5)
FN:38,(anonymous_6)
FN:43,getLike
FN:47,(anonymous_8)
FN:48,(anonymous_9)
FN:53,getCount
FN:57,fetchCount
FN:61,(anonymous_12)
FN:62,(anonymous_13)
FN:65,AddLike
FN:73,(anonymous_15)
FNF:16
FNH:1
FNDA:0,createShow
FNDA:0,(anonymous_1)
FNDA:0,createLike
FNDA:0,(anonymous_3)
FNDA:0,getData
FNDA:0,(anonymous_5)
FNDA:0,(anonymous_6)
FNDA:0,getLike
FNDA:0,(anonymous_8)
FNDA:0,(anonymous_9)
FNDA:1,getCount
FNDA:0,fetchCount
FNDA:0,(anonymous_12)
FNDA:0,(anonymous_13)
FNDA:0,AddLike
FNDA:0,(anonymous_15)
DA:2,0
DA:3,0
DA:4,0
DA:5,0
DA:6,0
DA:24,0
DA:30,0
DA:31,0
DA:36,0
DA:37,0
DA:39,0
DA:44,0
DA:47,0
DA:49,0
DA:54,1
DA:58,0
DA:61,0
DA:62,0
DA:66,0
DA:67,0
DA:73,0
LF:21
LH:1
BRDA:2,0,0,0
BRDA:2,0,1,0
BRF:2
BRH:0
end_of_record
